<?xml version="1.0" encoding="UTF-8"?>
<testng-results ignored="0" total="9" passed="6" failed="3" skipped="0">
  <reporter-output>
    <line>
      <![CDATA[Facebook - ಲಾಗ್ ಇನ್ ಅಥವಾ ಸೈನ್ ಅಪ್]]>
    </line>
    <line>
      <![CDATA[https://www.facebook.com/]]>
    </line>
    <line>
      <![CDATA[Google]]>
    </line>
    <line>
      <![CDATA[https://www.google.com/]]>
    </line>
    <line>
      <![CDATA[Online Shopping Site for Mobiles, Electronics, Furniture, Grocery, Lifestyle, Books & More. Best Offers!]]>
    </line>
    <line>
      <![CDATA[https://www.flipkart.com/]]>
    </line>
    <line>
      <![CDATA[Facebook - ಲಾಗ್ ಇನ್ ಅಥವಾ ಸೈನ್ ಅಪ್]]>
    </line>
    <line>
      <![CDATA[https://www.facebook.com/]]>
    </line>
    <line>
      <![CDATA[Google]]>
    </line>
    <line>
      <![CDATA[https://www.google.com/]]>
    </line>
    <line>
      <![CDATA[Online Shopping Site for Mobiles, Electronics, Furniture, Grocery, Lifestyle, Books & More. Best Offers!]]>
    </line>
    <line>
      <![CDATA[https://www.flipkart.com/]]>
    </line>
    <line>
      <![CDATA[Facebook - ಲಾಗ್ ಇನ್ ಅಥವಾ ಸೈನ್ ಅಪ್]]>
    </line>
    <line>
      <![CDATA[https://www.facebook.com/]]>
    </line>
    <line>
      <![CDATA[Google]]>
    </line>
    <line>
      <![CDATA[https://www.google.com/]]>
    </line>
    <line>
      <![CDATA[Online Shopping Site for Mobiles, Electronics, Furniture, Grocery, Lifestyle, Books & More. Best Offers!]]>
    </line>
    <line>
      <![CDATA[https://www.flipkart.com/]]>
    </line>
  </reporter-output>
  <suite started-at="2024-04-19T21:52:37 IST" name="All Test Suite" finished-at="2024-04-19T21:53:54 IST" duration-ms="77075">
    <groups>
    </groups>
    <test started-at="2024-04-19T21:52:37 IST" name="Smoke Test Suite Chrome" finished-at="2024-04-19T21:53:05 IST" duration-ms="27574">
      <class name="LearningTestNG.TC_Google1">
        <test-method is-config="true" signature="setup(java.lang.String)[pri:0, instance:LearningTestNG.TC_Google1@214b199c]" started-at="2024-04-19T21:52:47 IST" name="setup" finished-at="2024-04-19T21:52:48 IST" duration-ms="826" status="PASS">
          <params>
            <param index="0">
              <value>
                <![CDATA[safari]]>
              </value>
            </param>
          </params>
          <reporter-output>
          </reporter-output>
        </test-method> <!-- setup -->
        <test-method signature="test001()[pri:0, instance:LearningTestNG.TC_Google1@214b199c]" started-at="2024-04-19T21:52:48 IST" name="test001" finished-at="2024-04-19T21:52:49 IST" duration-ms="959" status="PASS">
          <reporter-output>
            <line>
              <![CDATA[Google]]>
            </line>
            <line>
              <![CDATA[https://www.google.com/]]>
            </line>
          </reporter-output>
        </test-method> <!-- test001 -->
        <test-method is-config="true" signature="tearDown()[pri:0, instance:LearningTestNG.TC_Google1@214b199c]" started-at="2024-04-19T21:52:49 IST" name="tearDown" finished-at="2024-04-19T21:52:54 IST" duration-ms="5048" status="PASS">
          <reporter-output>
          </reporter-output>
        </test-method> <!-- tearDown -->
      </class> <!-- LearningTestNG.TC_Google1 -->
      <class name="LearningTestNG.TC_Facebook">
        <test-method is-config="true" signature="setup(java.lang.String)[pri:0, instance:LearningTestNG.TC_Facebook@5b0abc94]" started-at="2024-04-19T21:52:37 IST" name="setup" finished-at="2024-04-19T21:52:39 IST" duration-ms="1746" status="PASS">
          <params>
            <param index="0">
              <value>
                <![CDATA[safari]]>
              </value>
            </param>
          </params>
          <reporter-output>
          </reporter-output>
        </test-method> <!-- setup -->
        <test-method signature="test001()[pri:0, instance:LearningTestNG.TC_Facebook@5b0abc94]" started-at="2024-04-19T21:52:39 IST" name="test001" finished-at="2024-04-19T21:52:42 IST" duration-ms="2633" status="FAIL">
          <exception class="java.lang.AssertionError">
            <message>
              <![CDATA[Failed]]>
            </message>
            <full-stacktrace>
              <![CDATA[java.lang.AssertionError: Failed
at org.testng.Assert.fail(Assert.java:111)
at LearningTestNG.TC_Facebook.test001(TC_Facebook.java:15)
at java.base/jdk.internal.reflect.DirectMethodHandleAccessor.invoke(DirectMethodHandleAccessor.java:104)
at java.base/java.lang.reflect.Method.invoke(Method.java:577)
at org.testng.internal.invokers.MethodInvocationHelper.invokeMethod(MethodInvocationHelper.java:141)
at org.testng.internal.invokers.TestInvoker.invokeMethod(TestInvoker.java:686)
at org.testng.internal.invokers.TestInvoker.invokeTestMethod(TestInvoker.java:230)
at org.testng.internal.invokers.MethodRunner.runInSequence(MethodRunner.java:63)
at org.testng.internal.invokers.TestInvoker$MethodInvocationAgent.invoke(TestInvoker.java:992)
at org.testng.internal.invokers.TestInvoker.invokeTestMethods(TestInvoker.java:203)
at org.testng.internal.invokers.TestMethodWorker.invokeTestMethods(TestMethodWorker.java:154)
at org.testng.internal.invokers.TestMethodWorker.run(TestMethodWorker.java:134)
at java.base/java.util.ArrayList.forEach(ArrayList.java:1511)
at org.testng.TestRunner.privateRun(TestRunner.java:739)
at org.testng.TestRunner.run(TestRunner.java:614)
at org.testng.SuiteRunner.runTest(SuiteRunner.java:421)
at org.testng.SuiteRunner.runSequentially(SuiteRunner.java:413)
at org.testng.SuiteRunner.privateRun(SuiteRunner.java:373)
at org.testng.SuiteRunner.run(SuiteRunner.java:312)
at org.testng.SuiteRunnerWorker.runSuite(SuiteRunnerWorker.java:52)
at org.testng.SuiteRunnerWorker.run(SuiteRunnerWorker.java:95)
at org.testng.TestNG.runSuitesSequentially(TestNG.java:1274)
at org.testng.TestNG.runSuitesLocally(TestNG.java:1208)
at org.testng.TestNG.runSuites(TestNG.java:1112)
at org.testng.TestNG.run(TestNG.java:1079)
at com.intellij.rt.testng.IDEARemoteTestNG.run(IDEARemoteTestNG.java:66)
at com.intellij.rt.testng.RemoteTestNGStarter.main(RemoteTestNGStarter.java:109)
]]>
            </full-stacktrace>
          </exception> <!-- java.lang.AssertionError -->
          <reporter-output>
            <line>
              <![CDATA[Facebook - ಲಾಗ್ ಇನ್ ಅಥವಾ ಸೈನ್ ಅಪ್]]>
            </line>
            <line>
              <![CDATA[https://www.facebook.com/]]>
            </line>
          </reporter-output>
        </test-method> <!-- test001 -->
        <test-method is-config="true" signature="tearDown()[pri:0, instance:LearningTestNG.TC_Facebook@5b0abc94]" started-at="2024-04-19T21:52:42 IST" name="tearDown" finished-at="2024-04-19T21:52:47 IST" duration-ms="5225" status="PASS">
          <reporter-output>
          </reporter-output>
        </test-method> <!-- tearDown -->
      </class> <!-- LearningTestNG.TC_Facebook -->
      <class name="LearningTestNG.TC_Flipkart1">
        <test-method is-config="true" signature="setup(java.lang.String)[pri:0, instance:LearningTestNG.TC_Flipkart1@20d3d15a]" started-at="2024-04-19T21:52:54 IST" name="setup" finished-at="2024-04-19T21:52:54 IST" duration-ms="813" status="PASS">
          <params>
            <param index="0">
              <value>
                <![CDATA[safari]]>
              </value>
            </param>
          </params>
          <reporter-output>
          </reporter-output>
        </test-method> <!-- setup -->
        <test-method signature="test001()[pri:0, instance:LearningTestNG.TC_Flipkart1@20d3d15a]" started-at="2024-04-19T21:52:54 IST" name="test001" finished-at="2024-04-19T21:52:59 IST" duration-ms="5075" status="PASS">
          <reporter-output>
            <line>
              <![CDATA[Online Shopping Site for Mobiles, Electronics, Furniture, Grocery, Lifestyle, Books & More. Best Offers!]]>
            </line>
            <line>
              <![CDATA[https://www.flipkart.com/]]>
            </line>
          </reporter-output>
        </test-method> <!-- test001 -->
        <test-method is-config="true" signature="tearDown()[pri:0, instance:LearningTestNG.TC_Flipkart1@20d3d15a]" started-at="2024-04-19T21:52:59 IST" name="tearDown" finished-at="2024-04-19T21:53:05 IST" duration-ms="5227" status="PASS">
          <reporter-output>
          </reporter-output>
        </test-method> <!-- tearDown -->
      </class> <!-- LearningTestNG.TC_Flipkart1 -->
    </test> <!-- Smoke Test Suite Chrome -->
    <test started-at="2024-04-19T21:53:05 IST" name="Smoke Test Suite firefox" finished-at="2024-04-19T21:53:29 IST" duration-ms="24362">
      <class name="LearningTestNG.TC_Google1">
        <test-method is-config="true" signature="setup(java.lang.String)[pri:0, instance:LearningTestNG.TC_Google1@19d37183]" started-at="2024-04-19T21:53:13 IST" name="setup" finished-at="2024-04-19T21:53:14 IST" duration-ms="846" status="PASS">
          <params>
            <param index="0">
              <value>
                <![CDATA[safari]]>
              </value>
            </param>
          </params>
          <reporter-output>
          </reporter-output>
        </test-method> <!-- setup -->
        <test-method signature="test001()[pri:0, instance:LearningTestNG.TC_Google1@19d37183]" started-at="2024-04-19T21:53:14 IST" name="test001" finished-at="2024-04-19T21:53:15 IST" duration-ms="766" status="PASS">
          <reporter-output>
            <line>
              <![CDATA[Google]]>
            </line>
            <line>
              <![CDATA[https://www.google.com/]]>
            </line>
          </reporter-output>
        </test-method> <!-- test001 -->
        <test-method is-config="true" signature="tearDown()[pri:0, instance:LearningTestNG.TC_Google1@19d37183]" started-at="2024-04-19T21:53:15 IST" name="tearDown" finished-at="2024-04-19T21:53:20 IST" duration-ms="5235" status="PASS">
          <reporter-output>
          </reporter-output>
        </test-method> <!-- tearDown -->
      </class> <!-- LearningTestNG.TC_Google1 -->
      <class name="LearningTestNG.TC_Facebook">
        <test-method is-config="true" signature="setup(java.lang.String)[pri:0, instance:LearningTestNG.TC_Facebook@71c8becc]" started-at="2024-04-19T21:53:05 IST" name="setup" finished-at="2024-04-19T21:53:06 IST" duration-ms="909" status="PASS">
          <params>
            <param index="0">
              <value>
                <![CDATA[safari]]>
              </value>
            </param>
          </params>
          <reporter-output>
          </reporter-output>
        </test-method> <!-- setup -->
        <test-method signature="test001()[pri:0, instance:LearningTestNG.TC_Facebook@71c8becc]" started-at="2024-04-19T21:53:06 IST" name="test001" finished-at="2024-04-19T21:53:08 IST" duration-ms="2453" status="FAIL">
          <exception class="java.lang.AssertionError">
            <message>
              <![CDATA[Failed]]>
            </message>
            <full-stacktrace>
              <![CDATA[java.lang.AssertionError: Failed
at org.testng.Assert.fail(Assert.java:111)
at LearningTestNG.TC_Facebook.test001(TC_Facebook.java:15)
at java.base/jdk.internal.reflect.DirectMethodHandleAccessor.invoke(DirectMethodHandleAccessor.java:104)
at java.base/java.lang.reflect.Method.invoke(Method.java:577)
at org.testng.internal.invokers.MethodInvocationHelper.invokeMethod(MethodInvocationHelper.java:141)
at org.testng.internal.invokers.TestInvoker.invokeMethod(TestInvoker.java:686)
at org.testng.internal.invokers.TestInvoker.invokeTestMethod(TestInvoker.java:230)
at org.testng.internal.invokers.MethodRunner.runInSequence(MethodRunner.java:63)
at org.testng.internal.invokers.TestInvoker$MethodInvocationAgent.invoke(TestInvoker.java:992)
at org.testng.internal.invokers.TestInvoker.invokeTestMethods(TestInvoker.java:203)
at org.testng.internal.invokers.TestMethodWorker.invokeTestMethods(TestMethodWorker.java:154)
at org.testng.internal.invokers.TestMethodWorker.run(TestMethodWorker.java:134)
at java.base/java.util.ArrayList.forEach(ArrayList.java:1511)
at org.testng.TestRunner.privateRun(TestRunner.java:739)
at org.testng.TestRunner.run(TestRunner.java:614)
at org.testng.SuiteRunner.runTest(SuiteRunner.java:421)
at org.testng.SuiteRunner.runSequentially(SuiteRunner.java:413)
at org.testng.SuiteRunner.privateRun(SuiteRunner.java:373)
at org.testng.SuiteRunner.run(SuiteRunner.java:312)
at org.testng.SuiteRunnerWorker.runSuite(SuiteRunnerWorker.java:52)
at org.testng.SuiteRunnerWorker.run(SuiteRunnerWorker.java:95)
at org.testng.TestNG.runSuitesSequentially(TestNG.java:1274)
at org.testng.TestNG.runSuitesLocally(TestNG.java:1208)
at org.testng.TestNG.runSuites(TestNG.java:1112)
at org.testng.TestNG.run(TestNG.java:1079)
at com.intellij.rt.testng.IDEARemoteTestNG.run(IDEARemoteTestNG.java:66)
at com.intellij.rt.testng.RemoteTestNGStarter.main(RemoteTestNGStarter.java:109)
]]>
            </full-stacktrace>
          </exception> <!-- java.lang.AssertionError -->
          <reporter-output>
            <line>
              <![CDATA[Facebook - ಲಾಗ್ ಇನ್ ಅಥವಾ ಸೈನ್ ಅಪ್]]>
            </line>
            <line>
              <![CDATA[https://www.facebook.com/]]>
            </line>
          </reporter-output>
        </test-method> <!-- test001 -->
        <test-method is-config="true" signature="tearDown()[pri:0, instance:LearningTestNG.TC_Facebook@71c8becc]" started-at="2024-04-19T21:53:08 IST" name="tearDown" finished-at="2024-04-19T21:53:13 IST" duration-ms="5233" status="PASS">
          <reporter-output>
          </reporter-output>
        </test-method> <!-- tearDown -->
      </class> <!-- LearningTestNG.TC_Facebook -->
      <class name="LearningTestNG.TC_Flipkart1">
        <test-method is-config="true" signature="setup(java.lang.String)[pri:0, instance:LearningTestNG.TC_Flipkart1@1a0dcaa]" started-at="2024-04-19T21:53:20 IST" name="setup" finished-at="2024-04-19T21:53:21 IST" duration-ms="918" status="PASS">
          <params>
            <param index="0">
              <value>
                <![CDATA[safari]]>
              </value>
            </param>
          </params>
          <reporter-output>
          </reporter-output>
        </test-method> <!-- setup -->
        <test-method signature="test001()[pri:0, instance:LearningTestNG.TC_Flipkart1@1a0dcaa]" started-at="2024-04-19T21:53:21 IST" name="test001" finished-at="2024-04-19T21:53:24 IST" duration-ms="2767" status="PASS">
          <reporter-output>
            <line>
              <![CDATA[Online Shopping Site for Mobiles, Electronics, Furniture, Grocery, Lifestyle, Books & More. Best Offers!]]>
            </line>
            <line>
              <![CDATA[https://www.flipkart.com/]]>
            </line>
          </reporter-output>
        </test-method> <!-- test001 -->
        <test-method is-config="true" signature="tearDown()[pri:0, instance:LearningTestNG.TC_Flipkart1@1a0dcaa]" started-at="2024-04-19T21:53:24 IST" name="tearDown" finished-at="2024-04-19T21:53:29 IST" duration-ms="5230" status="PASS">
          <reporter-output>
          </reporter-output>
        </test-method> <!-- tearDown -->
      </class> <!-- LearningTestNG.TC_Flipkart1 -->
    </test> <!-- Smoke Test Suite firefox -->
    <test started-at="2024-04-19T21:53:29 IST" name="Smoke Test Suite safari" finished-at="2024-04-19T21:53:54 IST" duration-ms="25112">
      <class name="LearningTestNG.TC_Google1">
        <test-method is-config="true" signature="setup(java.lang.String)[pri:0, instance:LearningTestNG.TC_Google1@d83da2e]" started-at="2024-04-19T21:53:38 IST" name="setup" finished-at="2024-04-19T21:53:39 IST" duration-ms="844" status="PASS">
          <params>
            <param index="0">
              <value>
                <![CDATA[safari]]>
              </value>
            </param>
          </params>
          <reporter-output>
          </reporter-output>
        </test-method> <!-- setup -->
        <test-method signature="test001()[pri:0, instance:LearningTestNG.TC_Google1@d83da2e]" started-at="2024-04-19T21:53:39 IST" name="test001" finished-at="2024-04-19T21:53:40 IST" duration-ms="687" status="PASS">
          <reporter-output>
            <line>
              <![CDATA[Google]]>
            </line>
            <line>
              <![CDATA[https://www.google.com/]]>
            </line>
          </reporter-output>
        </test-method> <!-- test001 -->
        <test-method is-config="true" signature="tearDown()[pri:0, instance:LearningTestNG.TC_Google1@d83da2e]" started-at="2024-04-19T21:53:40 IST" name="tearDown" finished-at="2024-04-19T21:53:45 IST" duration-ms="5236" status="PASS">
          <reporter-output>
          </reporter-output>
        </test-method> <!-- tearDown -->
      </class> <!-- LearningTestNG.TC_Google1 -->
      <class name="LearningTestNG.TC_Facebook">
        <test-method is-config="true" signature="setup(java.lang.String)[pri:0, instance:LearningTestNG.TC_Facebook@fdefd3f]" started-at="2024-04-19T21:53:29 IST" name="setup" finished-at="2024-04-19T21:53:30 IST" duration-ms="851" status="PASS">
          <params>
            <param index="0">
              <value>
                <![CDATA[safari]]>
              </value>
            </param>
          </params>
          <reporter-output>
          </reporter-output>
        </test-method> <!-- setup -->
        <test-method signature="test001()[pri:0, instance:LearningTestNG.TC_Facebook@fdefd3f]" started-at="2024-04-19T21:53:30 IST" name="test001" finished-at="2024-04-19T21:53:33 IST" duration-ms="3322" status="FAIL">
          <exception class="java.lang.AssertionError">
            <message>
              <![CDATA[Failed]]>
            </message>
            <full-stacktrace>
              <![CDATA[java.lang.AssertionError: Failed
at org.testng.Assert.fail(Assert.java:111)
at LearningTestNG.TC_Facebook.test001(TC_Facebook.java:15)
at java.base/jdk.internal.reflect.DirectMethodHandleAccessor.invoke(DirectMethodHandleAccessor.java:104)
at java.base/java.lang.reflect.Method.invoke(Method.java:577)
at org.testng.internal.invokers.MethodInvocationHelper.invokeMethod(MethodInvocationHelper.java:141)
at org.testng.internal.invokers.TestInvoker.invokeMethod(TestInvoker.java:686)
at org.testng.internal.invokers.TestInvoker.invokeTestMethod(TestInvoker.java:230)
at org.testng.internal.invokers.MethodRunner.runInSequence(MethodRunner.java:63)
at org.testng.internal.invokers.TestInvoker$MethodInvocationAgent.invoke(TestInvoker.java:992)
at org.testng.internal.invokers.TestInvoker.invokeTestMethods(TestInvoker.java:203)
at org.testng.internal.invokers.TestMethodWorker.invokeTestMethods(TestMethodWorker.java:154)
at org.testng.internal.invokers.TestMethodWorker.run(TestMethodWorker.java:134)
at java.base/java.util.ArrayList.forEach(ArrayList.java:1511)
at org.testng.TestRunner.privateRun(TestRunner.java:739)
at org.testng.TestRunner.run(TestRunner.java:614)
at org.testng.SuiteRunner.runTest(SuiteRunner.java:421)
at org.testng.SuiteRunner.runSequentially(SuiteRunner.java:413)
at org.testng.SuiteRunner.privateRun(SuiteRunner.java:373)
at org.testng.SuiteRunner.run(SuiteRunner.java:312)
at org.testng.SuiteRunnerWorker.runSuite(SuiteRunnerWorker.java:52)
at org.testng.SuiteRunnerWorker.run(SuiteRunnerWorker.java:95)
at org.testng.TestNG.runSuitesSequentially(TestNG.java:1274)
at org.testng.TestNG.runSuitesLocally(TestNG.java:1208)
at org.testng.TestNG.runSuites(TestNG.java:1112)
at org.testng.TestNG.run(TestNG.java:1079)
at com.intellij.rt.testng.IDEARemoteTestNG.run(IDEARemoteTestNG.java:66)
at com.intellij.rt.testng.RemoteTestNGStarter.main(RemoteTestNGStarter.java:109)
]]>
            </full-stacktrace>
          </exception> <!-- java.lang.AssertionError -->
          <reporter-output>
            <line>
              <![CDATA[Facebook - ಲಾಗ್ ಇನ್ ಅಥವಾ ಸೈನ್ ಅಪ್]]>
            </line>
            <line>
              <![CDATA[https://www.facebook.com/]]>
            </line>
          </reporter-output>
        </test-method> <!-- test001 -->
        <test-method is-config="true" signature="tearDown()[pri:0, instance:LearningTestNG.TC_Facebook@fdefd3f]" started-at="2024-04-19T21:53:33 IST" name="tearDown" finished-at="2024-04-19T21:53:38 IST" duration-ms="5030" status="PASS">
          <reporter-output>
          </reporter-output>
        </test-method> <!-- tearDown -->
      </class> <!-- LearningTestNG.TC_Facebook -->
      <class name="LearningTestNG.TC_Flipkart1">
        <test-method is-config="true" signature="setup(java.lang.String)[pri:0, instance:LearningTestNG.TC_Flipkart1@a4102b8]" started-at="2024-04-19T21:53:45 IST" name="setup" finished-at="2024-04-19T21:53:46 IST" duration-ms="856" status="PASS">
          <params>
            <param index="0">
              <value>
                <![CDATA[safari]]>
              </value>
            </param>
          </params>
          <reporter-output>
          </reporter-output>
        </test-method> <!-- setup -->
        <test-method signature="test001()[pri:0, instance:LearningTestNG.TC_Flipkart1@a4102b8]" started-at="2024-04-19T21:53:46 IST" name="test001" finished-at="2024-04-19T21:53:49 IST" duration-ms="3047" status="PASS">
          <reporter-output>
            <line>
              <![CDATA[Online Shopping Site for Mobiles, Electronics, Furniture, Grocery, Lifestyle, Books & More. Best Offers!]]>
            </line>
            <line>
              <![CDATA[https://www.flipkart.com/]]>
            </line>
          </reporter-output>
        </test-method> <!-- test001 -->
        <test-method is-config="true" signature="tearDown()[pri:0, instance:LearningTestNG.TC_Flipkart1@a4102b8]" started-at="2024-04-19T21:53:49 IST" name="tearDown" finished-at="2024-04-19T21:53:54 IST" duration-ms="5235" status="PASS">
          <reporter-output>
          </reporter-output>
        </test-method> <!-- tearDown -->
      </class> <!-- LearningTestNG.TC_Flipkart1 -->
    </test> <!-- Smoke Test Suite safari -->
  </suite> <!-- All Test Suite -->
</testng-results>
